<?xml version="1.0" encoding="UTF-8"?>
<!-- Generated by org.testng.reporters.JUnitReportReporter -->
<testsuite skipped="0" hostname="DESKTOP-7N3BV5I" name="s1.PushToGit" tests="1" failures="0" timestamp="13 Aug 2019 20:21:04 GMT" time="0.011" errors="0">
  <testcase name="sum" time="0.011" classname="s1.PushToGit"/>
</testsuite> <!-- s1.PushToGit -->
